<?xml version="1.0" encoding="UTF-8"?>
<!-- Generated by org.testng.reporters.JUnitReportReporter -->
<testsuite name="com.test.automation.UIAutomation.testScripts.TC_LoginWay2Automation" tests="2" time="0.010" ignored="0" failures="0" timestamp="14 Jul 2017 19:03:06 GMT" skipped="1" hostname="kopal-pc" errors="1">
  <testcase name="setUp" time="0.000" classname="com.test.automation.UIAutomation.testScripts.TC_LoginWay2Automation">
    <error type="java.io.FileNotFoundException" message="C:\Users\Kopal\eclipse_neon_work\UIAutomation\src\test\java\com\test\automation\UIAutomation\cofig\config.properties (The system cannot find the path specified)">
      <![CDATA[java.io.FileNotFoundException: C:\Users\Kopal\eclipse_neon_work\UIAutomation\src\test\java\com\test\automation\UIAutomation\cofig\config.properties (The system cannot find the path specified)
	at java.io.FileInputStream.open0(Native Method)
	at java.io.FileInputStream.open(FileInputStream.java:195)
	at java.io.FileInputStream.<init>(FileInputStream.java:138)
	at com.test.automation.UIAutomation.testBase.TestBase.loadPropertiesFile(TestBase.java:29)
	at com.test.automation.UIAutomation.testBase.TestBase.init(TestBase.java:21)
	at com.test.automation.UIAutomation.testScripts.TC_LoginWay2Automation.setUp(TC_LoginWay2Automation.java:17)
	at sun.reflect.NativeMethodAccessorImpl.invoke0(Native Method)
	at sun.reflect.NativeMethodAccessorImpl.invoke(NativeMethodAccessorImpl.java:62)
	at sun.reflect.DelegatingMethodAccessorImpl.invoke(DelegatingMethodAccessorImpl.java:43)
	at java.lang.reflect.Method.invoke(Method.java:498)
	at org.testng.internal.MethodInvocationHelper.invokeMethod(MethodInvocationHelper.java:104)
	at org.testng.internal.Invoker.invokeConfigurationMethod(Invoker.java:515)
	at org.testng.internal.Invoker.invokeConfigurations(Invoker.java:217)
	at org.testng.internal.Invoker.invokeConfigurations(Invoker.java:144)
	at org.testng.internal.TestMethodWorker.invokeBeforeClassMethods(TestMethodWorker.java:169)
	at org.testng.internal.TestMethodWorker.run(TestMethodWorker.java:108)
	at org.testng.TestRunner.privateRun(TestRunner.java:756)
	at org.testng.TestRunner.run(TestRunner.java:610)
	at org.testng.SuiteRunner.runTest(SuiteRunner.java:387)
	at org.testng.SuiteRunner.runSequentially(SuiteRunner.java:382)
	at org.testng.SuiteRunner.privateRun(SuiteRunner.java:340)
	at org.testng.SuiteRunner.run(SuiteRunner.java:289)
	at org.testng.SuiteRunnerWorker.runSuite(SuiteRunnerWorker.java:52)
	at org.testng.SuiteRunnerWorker.run(SuiteRunnerWorker.java:86)
	at org.testng.TestNG.runSuitesSequentially(TestNG.java:1293)
	at org.testng.TestNG.runSuitesLocally(TestNG.java:1218)
	at org.testng.TestNG.runSuites(TestNG.java:1133)
	at org.testng.TestNG.run(TestNG.java:1104)
	at org.testng.remote.AbstractRemoteTestNG.run(AbstractRemoteTestNG.java:132)
	at org.testng.remote.RemoteTestNG.initAndRun(RemoteTestNG.java:230)
	at org.testng.remote.RemoteTestNG.main(RemoteTestNG.java:76)
]]>
    </error>
  </testcase> <!-- setUp -->
  <testcase name="clickSignIn" time="0.010" classname="com.test.automation.UIAutomation.testScripts.TC_LoginWay2Automation">
    <skipped/>
  </testcase> <!-- clickSignIn -->
</testsuite> <!-- com.test.automation.UIAutomation.testScripts.TC_LoginWay2Automation -->
